{
  "stats": {
    "suites": 1,
    "tests": 15,
    "passes": 15,
    "pending": 0,
    "failures": 0,
    "start": "2026-06-21T00:33:49.916Z",
    "end": "2026-06-21T00:33:49.922Z",
    "duration": 6,
    "testsRegistered": 15,
    "passPercent": 100,
    "pendingPercent": 0,
    "other": 0,
    "hasOther": false,
    "skipped": 0,
    "hasSkipped": false
  },
  "results": [
    {
      "uuid": "4bb67fdc-30d3-4a28-83bd-c68d01c5e314",
      "title": "",
      "fullFile": "C:\\Users\\Pam\\pam-workspace\\servico-pagamento\\test\\servicoDePagamento.test.js",
      "file": "\\test\\servicoDePagamento.test.js",
      "beforeHooks": [],
      "afterHooks": [],
      "tests": [],
      "suites": [
        {
          "uuid": "e587d2bb-c498-49ed-b79e-4fdc09d8a6d7",
          "title": "Testes da funcionalidade de Serviço de Pagamento",
          "fullFile": "C:\\Users\\Pam\\pam-workspace\\servico-pagamento\\test\\servicoDePagamento.test.js",
          "file": "\\test\\servicoDePagamento.test.js",
          "beforeHooks": [
            {
              "title": "\"before each\" hook in \"Testes da funcionalidade de Serviço de Pagamento\"",
              "fullTitle": "Testes da funcionalidade de Serviço de Pagamento \"before each\" hook in \"Testes da funcionalidade de Serviço de Pagamento\"",
              "timedOut": false,
              "duration": 0,
              "state": null,
              "speed": null,
              "pass": false,
              "fail": false,
              "pending": false,
              "context": null,
              "code": "servicoDePagamento = new ServicoDePagamento();",
              "err": {},
              "uuid": "9336ab4a-7e93-40c0-8561-65cc51a80733",
              "parentUUID": "e587d2bb-c498-49ed-b79e-4fdc09d8a6d7",
              "isHook": true,
              "skipped": false
            }
          ],
          "afterHooks": [],
          "tests": [
            {
              "title": "TC01 - Deve retornar mensagem quando nenhum pagamento foi realizado e usuário tenta consultar o último pagamento",
              "fullTitle": "Testes da funcionalidade de Serviço de Pagamento TC01 - Deve retornar mensagem quando nenhum pagamento foi realizado e usuário tenta consultar o último pagamento",
              "timedOut": false,
              "duration": 0,
              "state": "passed",
              "speed": "fast",
              "pass": true,
              "fail": false,
              "pending": false,
              "context": null,
              "code": "assert.equal(servicoDePagamento.consultarUltimoPagamento(), 'Ainda não há pagamentos realizados.');",
              "err": {},
              "uuid": "7f65b12e-c74d-418c-ada0-dd59a8541b16",
              "parentUUID": "e587d2bb-c498-49ed-b79e-4fdc09d8a6d7",
              "isHook": false,
              "skipped": false
            },
            {
              "title": "TC02 - Deve realizar pagamento corretamente e setar categoria como padrão quando dados do pagamento informado são válidos e valor é igual a 100",
              "fullTitle": "Testes da funcionalidade de Serviço de Pagamento TC02 - Deve realizar pagamento corretamente e setar categoria como padrão quando dados do pagamento informado são válidos e valor é igual a 100",
              "timedOut": false,
              "duration": 0,
              "state": "passed",
              "speed": "fast",
              "pass": true,
              "fail": false,
              "pending": false,
              "context": null,
              "code": "servicoDePagamento.pagar(codigoDeBarra, empresa, valorPagamento);\nconst ultimoPagamento = servicoDePagamento.consultarUltimoPagamento();\nassert.equal(ultimoPagamento.codigoBarras, codigoDeBarra);\nassert.equal(ultimoPagamento.empresa, empresa);\nassert.equal(ultimoPagamento.valor, valorPagamento);\nassert.equal(ultimoPagamento.categoria, 'padrão');",
              "err": {},
              "uuid": "9deca3f3-0d18-4523-aa29-d5107be8a121",
              "parentUUID": "e587d2bb-c498-49ed-b79e-4fdc09d8a6d7",
              "isHook": false,
              "skipped": false
            },
            {
              "title": "TC02 - Deve realizar pagamento corretamente e setar categoria como padrão quando dados do pagamento informado são válidos e valor é igual a 99.99",
              "fullTitle": "Testes da funcionalidade de Serviço de Pagamento TC02 - Deve realizar pagamento corretamente e setar categoria como padrão quando dados do pagamento informado são válidos e valor é igual a 99.99",
              "timedOut": false,
              "duration": 0,
              "state": "passed",
              "speed": "fast",
              "pass": true,
              "fail": false,
              "pending": false,
              "context": null,
              "code": "servicoDePagamento.pagar(codigoDeBarra, empresa, valorPagamento);\nconst ultimoPagamento = servicoDePagamento.consultarUltimoPagamento();\nassert.equal(ultimoPagamento.codigoBarras, codigoDeBarra);\nassert.equal(ultimoPagamento.empresa, empresa);\nassert.equal(ultimoPagamento.valor, valorPagamento);\nassert.equal(ultimoPagamento.categoria, 'padrão');",
              "err": {},
              "uuid": "7ef7f01e-8499-485c-8279-f1b12db48976",
              "parentUUID": "e587d2bb-c498-49ed-b79e-4fdc09d8a6d7",
              "isHook": false,
              "skipped": false
            },
            {
              "title": "TC02 - Deve realizar pagamento corretamente e setar categoria como padrão quando dados do pagamento informado são válidos e valor é igual a 0.01",
              "fullTitle": "Testes da funcionalidade de Serviço de Pagamento TC02 - Deve realizar pagamento corretamente e setar categoria como padrão quando dados do pagamento informado são válidos e valor é igual a 0.01",
              "timedOut": false,
              "duration": 0,
              "state": "passed",
              "speed": "fast",
              "pass": true,
              "fail": false,
              "pending": false,
              "context": null,
              "code": "servicoDePagamento.pagar(codigoDeBarra, empresa, valorPagamento);\nconst ultimoPagamento = servicoDePagamento.consultarUltimoPagamento();\nassert.equal(ultimoPagamento.codigoBarras, codigoDeBarra);\nassert.equal(ultimoPagamento.empresa, empresa);\nassert.equal(ultimoPagamento.valor, valorPagamento);\nassert.equal(ultimoPagamento.categoria, 'padrão');",
              "err": {},
              "uuid": "b81e727f-43c2-41d7-aee7-4c123c394fc9",
              "parentUUID": "e587d2bb-c498-49ed-b79e-4fdc09d8a6d7",
              "isHook": false,
              "skipped": false
            },
            {
              "title": "TC03 - Deve realizar pagamento corretamente e setar categoria como caro quando dados do pagamento informado são válidos e valor é igual a 100.01",
              "fullTitle": "Testes da funcionalidade de Serviço de Pagamento TC03 - Deve realizar pagamento corretamente e setar categoria como caro quando dados do pagamento informado são válidos e valor é igual a 100.01",
              "timedOut": false,
              "duration": 0,
              "state": "passed",
              "speed": "fast",
              "pass": true,
              "fail": false,
              "pending": false,
              "context": null,
              "code": "const dadosPagamento = { codigoDeBarra: '0917-7654-3420', empresa: 'Copel', valorPagamento: 100.01 };\nservicoDePagamento.pagar(dadosPagamento.codigoDeBarra, dadosPagamento.empresa, dadosPagamento.valorPagamento);\nconst ultimoPagamento = servicoDePagamento.consultarUltimoPagamento();\nassert.equal(ultimoPagamento.codigoBarras, dadosPagamento.codigoDeBarra);\nassert.equal(ultimoPagamento.empresa, dadosPagamento.empresa);\nassert.equal(ultimoPagamento.valor, dadosPagamento.valorPagamento);\nassert.equal(ultimoPagamento.categoria, 'cara');",
              "err": {},
              "uuid": "ef153170-f466-4410-8165-860f93fe76e8",
              "parentUUID": "e587d2bb-c498-49ed-b79e-4fdc09d8a6d7",
              "isHook": false,
              "skipped": false
            },
            {
              "title": "TC04 - Deve apresentar mensagem quando código de barras informado já estiver pago",
              "fullTitle": "Testes da funcionalidade de Serviço de Pagamento TC04 - Deve apresentar mensagem quando código de barras informado já estiver pago",
              "timedOut": false,
              "duration": 0,
              "state": "passed",
              "speed": "fast",
              "pass": true,
              "fail": false,
              "pending": false,
              "context": null,
              "code": "const dadosPagamento = { codigoDeBarra: '0917-7654-3333', empresa: 'Best buy', valorPagamento: 200.00 };\nservicoDePagamento.pagar(dadosPagamento.codigoDeBarra, dadosPagamento.empresa, dadosPagamento.valorPagamento);\nassert.throws(\n    function () { servicoDePagamento.pagar(dadosPagamento.codigoDeBarra, dadosPagamento.empresa, dadosPagamento.valorPagamento) },\n    { message: 'Já existe pagamento realizado para o Código de barras informado.' }\n);",
              "err": {},
              "uuid": "a51b37ab-3409-42f1-81ed-48e3dbf5dde5",
              "parentUUID": "e587d2bb-c498-49ed-b79e-4fdc09d8a6d7",
              "isHook": false,
              "skipped": false
            },
            {
              "title": "TC05 - Deve apresentar mensagem de erro quando usuário tenta realizar pagamento sem informar dado obrigatório - Dado faltante Código de Barras",
              "fullTitle": "Testes da funcionalidade de Serviço de Pagamento TC05 - Deve apresentar mensagem de erro quando usuário tenta realizar pagamento sem informar dado obrigatório - Dado faltante Código de Barras",
              "timedOut": false,
              "duration": 0,
              "state": "passed",
              "speed": "fast",
              "pass": true,
              "fail": false,
              "pending": false,
              "context": null,
              "code": "assert.throws(\n    function () { servicoDePagamento.pagar(codigoDeBarra, empresa, valorPagamento) },\n    { message: 'Informar todos os dados necessários para pagamento.' }\n);",
              "err": {},
              "uuid": "ac06ac5e-0d6f-4180-bb31-49db5f986323",
              "parentUUID": "e587d2bb-c498-49ed-b79e-4fdc09d8a6d7",
              "isHook": false,
              "skipped": false
            },
            {
              "title": "TC05 - Deve apresentar mensagem de erro quando usuário tenta realizar pagamento sem informar dado obrigatório - Dado faltante Empresa",
              "fullTitle": "Testes da funcionalidade de Serviço de Pagamento TC05 - Deve apresentar mensagem de erro quando usuário tenta realizar pagamento sem informar dado obrigatório - Dado faltante Empresa",
              "timedOut": false,
              "duration": 0,
              "state": "passed",
              "speed": "fast",
              "pass": true,
              "fail": false,
              "pending": false,
              "context": null,
              "code": "assert.throws(\n    function () { servicoDePagamento.pagar(codigoDeBarra, empresa, valorPagamento) },\n    { message: 'Informar todos os dados necessários para pagamento.' }\n);",
              "err": {},
              "uuid": "8c53e219-e6f9-4804-96e3-ecb51ed921f4",
              "parentUUID": "e587d2bb-c498-49ed-b79e-4fdc09d8a6d7",
              "isHook": false,
              "skipped": false
            },
            {
              "title": "TC05 - Deve apresentar mensagem de erro quando usuário tenta realizar pagamento sem informar dado obrigatório - Dado faltante Valor",
              "fullTitle": "Testes da funcionalidade de Serviço de Pagamento TC05 - Deve apresentar mensagem de erro quando usuário tenta realizar pagamento sem informar dado obrigatório - Dado faltante Valor",
              "timedOut": false,
              "duration": 0,
              "state": "passed",
              "speed": "fast",
              "pass": true,
              "fail": false,
              "pending": false,
              "context": null,
              "code": "assert.throws(\n    function () { servicoDePagamento.pagar(codigoDeBarra, empresa, valorPagamento) },\n    { message: 'Informar todos os dados necessários para pagamento.' }\n);",
              "err": {},
              "uuid": "829510ae-5376-4dd9-960b-08c21c43676a",
              "parentUUID": "e587d2bb-c498-49ed-b79e-4fdc09d8a6d7",
              "isHook": false,
              "skipped": false
            },
            {
              "title": "TC06 - Deve apresentar mensagem de erro quando usuário tenta realizar pagamento sem informar dado obrigatório - Dado inválido Código de Barras",
              "fullTitle": "Testes da funcionalidade de Serviço de Pagamento TC06 - Deve apresentar mensagem de erro quando usuário tenta realizar pagamento sem informar dado obrigatório - Dado inválido Código de Barras",
              "timedOut": false,
              "duration": 0,
              "state": "passed",
              "speed": "fast",
              "pass": true,
              "fail": false,
              "pending": false,
              "context": null,
              "code": "assert.throws(\n    function () { servicoDePagamento.pagar(codigoDeBarra, empresa, valorPagamento) },\n    { message: 'Dados informados estão inválidos.' }\n);",
              "err": {},
              "uuid": "69a1dc4f-9ae1-4699-97eb-6feecbdb9b11",
              "parentUUID": "e587d2bb-c498-49ed-b79e-4fdc09d8a6d7",
              "isHook": false,
              "skipped": false
            },
            {
              "title": "TC06 - Deve apresentar mensagem de erro quando usuário tenta realizar pagamento sem informar dado obrigatório - Dado inválido Empresa",
              "fullTitle": "Testes da funcionalidade de Serviço de Pagamento TC06 - Deve apresentar mensagem de erro quando usuário tenta realizar pagamento sem informar dado obrigatório - Dado inválido Empresa",
              "timedOut": false,
              "duration": 0,
              "state": "passed",
              "speed": "fast",
              "pass": true,
              "fail": false,
              "pending": false,
              "context": null,
              "code": "assert.throws(\n    function () { servicoDePagamento.pagar(codigoDeBarra, empresa, valorPagamento) },\n    { message: 'Dados informados estão inválidos.' }\n);",
              "err": {},
              "uuid": "41055ca7-9035-4070-bbf2-758fddb89f8f",
              "parentUUID": "e587d2bb-c498-49ed-b79e-4fdc09d8a6d7",
              "isHook": false,
              "skipped": false
            },
            {
              "title": "TC06 - Deve apresentar mensagem de erro quando usuário tenta realizar pagamento sem informar dado obrigatório - Dado inválido Valor",
              "fullTitle": "Testes da funcionalidade de Serviço de Pagamento TC06 - Deve apresentar mensagem de erro quando usuário tenta realizar pagamento sem informar dado obrigatório - Dado inválido Valor",
              "timedOut": false,
              "duration": 0,
              "state": "passed",
              "speed": "fast",
              "pass": true,
              "fail": false,
              "pending": false,
              "context": null,
              "code": "assert.throws(\n    function () { servicoDePagamento.pagar(codigoDeBarra, empresa, valorPagamento) },\n    { message: 'Dados informados estão inválidos.' }\n);",
              "err": {},
              "uuid": "184a6105-decb-4ab3-ad41-0c8ebd4dbc13",
              "parentUUID": "e587d2bb-c498-49ed-b79e-4fdc09d8a6d7",
              "isHook": false,
              "skipped": false
            },
            {
              "title": "TC07 - Deve apresentar mensagem quando valor informado for igual a 0.00",
              "fullTitle": "Testes da funcionalidade de Serviço de Pagamento TC07 - Deve apresentar mensagem quando valor informado for igual a 0.00",
              "timedOut": false,
              "duration": 0,
              "state": "passed",
              "speed": "fast",
              "pass": true,
              "fail": false,
              "pending": false,
              "context": null,
              "code": "assert.throws(\n    function () { servicoDePagamento.pagar('5620-5687-3020', 'Sephora', 0.00) },\n    { message: 'Valor informado deve ser um número maior ou igual a zero.' }\n);",
              "err": {},
              "uuid": "659e1ce4-ca4d-4d82-a9e7-91a23ed20044",
              "parentUUID": "e587d2bb-c498-49ed-b79e-4fdc09d8a6d7",
              "isHook": false,
              "skipped": false
            },
            {
              "title": "TC08 - Deve apresentar mensagem quando valor informado for negativo",
              "fullTitle": "Testes da funcionalidade de Serviço de Pagamento TC08 - Deve apresentar mensagem quando valor informado for negativo",
              "timedOut": false,
              "duration": 0,
              "state": "passed",
              "speed": "fast",
              "pass": true,
              "fail": false,
              "pending": false,
              "context": null,
              "code": "assert.throws(\n    function () { servicoDePagamento.pagar('1122-3344-5566', 'Walmart', -120.32) },\n    { message: 'Valor informado deve ser um número maior ou igual a zero.' }\n);",
              "err": {},
              "uuid": "434f1962-d01b-4c27-83ed-cb46d1b440cd",
              "parentUUID": "e587d2bb-c498-49ed-b79e-4fdc09d8a6d7",
              "isHook": false,
              "skipped": false
            },
            {
              "title": "TC09 - Deve retornar último pagamento realizado corretamente quando consulta de último pagamento é realizada",
              "fullTitle": "Testes da funcionalidade de Serviço de Pagamento TC09 - Deve retornar último pagamento realizado corretamente quando consulta de último pagamento é realizada",
              "timedOut": false,
              "duration": 0,
              "state": "passed",
              "speed": "fast",
              "pass": true,
              "fail": false,
              "pending": false,
              "context": null,
              "code": "servicoDePagamento.pagar('1111-1111-1111', 'Copel', 120.44);\nservicoDePagamento.pagar('2222-2222-2222', 'Mastercard', 500.39);\nservicoDePagamento.pagar('3333-3333-3333', 'Sanepar', 44.20);\nservicoDePagamento.pagar('4444-4444-4444', 'Claro', 70.82);\nconst ultimoPagamento = servicoDePagamento.consultarUltimoPagamento();\nassert.equal(ultimoPagamento.codigoBarras, '4444-4444-4444');\nassert.equal(ultimoPagamento.empresa, 'Claro');\nassert.equal(ultimoPagamento.valor, 70.82);\nassert.equal(ultimoPagamento.categoria, 'padrão');",
              "err": {},
              "uuid": "e583c31e-907d-414e-bfe9-ca0415cba453",
              "parentUUID": "e587d2bb-c498-49ed-b79e-4fdc09d8a6d7",
              "isHook": false,
              "skipped": false
            }
          ],
          "suites": [],
          "passes": [
            "7f65b12e-c74d-418c-ada0-dd59a8541b16",
            "9deca3f3-0d18-4523-aa29-d5107be8a121",
            "7ef7f01e-8499-485c-8279-f1b12db48976",
            "b81e727f-43c2-41d7-aee7-4c123c394fc9",
            "ef153170-f466-4410-8165-860f93fe76e8",
            "a51b37ab-3409-42f1-81ed-48e3dbf5dde5",
            "ac06ac5e-0d6f-4180-bb31-49db5f986323",
            "8c53e219-e6f9-4804-96e3-ecb51ed921f4",
            "829510ae-5376-4dd9-960b-08c21c43676a",
            "69a1dc4f-9ae1-4699-97eb-6feecbdb9b11",
            "41055ca7-9035-4070-bbf2-758fddb89f8f",
            "184a6105-decb-4ab3-ad41-0c8ebd4dbc13",
            "659e1ce4-ca4d-4d82-a9e7-91a23ed20044",
            "434f1962-d01b-4c27-83ed-cb46d1b440cd",
            "e583c31e-907d-414e-bfe9-ca0415cba453"
          ],
          "failures": [],
          "pending": [],
          "skipped": [],
          "duration": 0,
          "root": false,
          "rootEmpty": false,
          "_timeout": 2000
        }
      ],
      "passes": [],
      "failures": [],
      "pending": [],
      "skipped": [],
      "duration": 0,
      "root": true,
      "rootEmpty": true,
      "_timeout": 2000
    }
  ],
  "meta": {
    "mocha": {
      "version": "11.7.5"
    },
    "mochawesome": {
      "options": {
        "quiet": false,
        "reportFilename": "mochawesome",
        "saveHtml": true,
        "saveJson": true,
        "consoleReporter": "spec",
        "useInlineDiffs": false,
        "code": true
      },
      "version": "7.1.4"
    },
    "marge": {
      "options": null,
      "version": "6.3.2"
    }
  }
}
