{
  "stats": {
    "suites": 1,
    "tests": 14,
    "passes": 14,
    "pending": 0,
    "failures": 0,
    "start": "2026-05-19T15:10:35.061Z",
    "end": "2026-05-19T15:10:35.073Z",
    "duration": 12,
    "testsRegistered": 14,
    "passPercent": 100,
    "pendingPercent": 0,
    "other": 0,
    "hasOther": false,
    "skipped": 0,
    "hasSkipped": false
  },
  "results": [
    {
      "uuid": "93cc0916-6c78-4eda-84b3-5c6e05a9413d",
      "title": "",
      "fullFile": "C:\\Users\\Pam\\pam-workspace\\servico-pagamento\\test\\servicoDePagamento.test.js",
      "file": "\\test\\servicoDePagamento.test.js",
      "beforeHooks": [],
      "afterHooks": [],
      "tests": [],
      "suites": [
        {
          "uuid": "7b8daea1-add3-4112-98bf-4d76aecd0bca",
          "title": "Testes da funcionalidade de Serviço de Pagamento",
          "fullFile": "C:\\Users\\Pam\\pam-workspace\\servico-pagamento\\test\\servicoDePagamento.test.js",
          "file": "\\test\\servicoDePagamento.test.js",
          "beforeHooks": [
            {
              "title": "\"before each\" hook in \"Testes da funcionalidade de Serviço de Pagamento\"",
              "fullTitle": "Testes da funcionalidade de Serviço de Pagamento \"before each\" hook in \"Testes da funcionalidade de Serviço de Pagamento\"",
              "timedOut": false,
              "duration": 0,
              "state": null,
              "speed": null,
              "pass": false,
              "fail": false,
              "pending": false,
              "context": null,
              "code": "servicoDePagamento = new ServicoDePagamento();",
              "err": {},
              "uuid": "af205711-9cd6-4c8e-803d-43d82f4e3abc",
              "parentUUID": "7b8daea1-add3-4112-98bf-4d76aecd0bca",
              "isHook": true,
              "skipped": false
            }
          ],
          "afterHooks": [],
          "tests": [
            {
              "title": "TC01 - Deve retornar mensagem quando nenhum pagamento foi realizado e usuário tenta consultar o último pagamento",
              "fullTitle": "Testes da funcionalidade de Serviço de Pagamento TC01 - Deve retornar mensagem quando nenhum pagamento foi realizado e usuário tenta consultar o último pagamento",
              "timedOut": false,
              "duration": 0,
              "state": "passed",
              "speed": "fast",
              "pass": true,
              "fail": false,
              "pending": false,
              "context": null,
              "code": "assert.equal(servicoDePagamento.consultarUltimoPagamento(), 'Ainda não há pagamentos realizados.');",
              "err": {},
              "uuid": "c2f202e8-799c-4a0f-b0b8-4c3fc75dc4e1",
              "parentUUID": "7b8daea1-add3-4112-98bf-4d76aecd0bca",
              "isHook": false,
              "skipped": false
            },
            {
              "title": "TC02 - Deve realizar pagamento corretamente e setar categoria como padrão quando dados do pagamento informado são válidos e valor é igual a 100",
              "fullTitle": "Testes da funcionalidade de Serviço de Pagamento TC02 - Deve realizar pagamento corretamente e setar categoria como padrão quando dados do pagamento informado são válidos e valor é igual a 100",
              "timedOut": false,
              "duration": 0,
              "state": "passed",
              "speed": "fast",
              "pass": true,
              "fail": false,
              "pending": false,
              "context": null,
              "code": "servicoDePagamento.pagar(codigoDeBarra, empresa, valorPagamento);\nconst ultimoPagamento = servicoDePagamento.consultarUltimoPagamento();\nassert.equal(ultimoPagamento.codigobarras, codigoDeBarra);\nassert.equal(ultimoPagamento.empresa, empresa);\nassert.equal(ultimoPagamento.valor, valorPagamento);\nassert.equal(ultimoPagamento.categoria, 'padrão');",
              "err": {},
              "uuid": "65d0b273-0aed-4ccd-b7de-ec5f2d0527ec",
              "parentUUID": "7b8daea1-add3-4112-98bf-4d76aecd0bca",
              "isHook": false,
              "skipped": false
            },
            {
              "title": "TC02 - Deve realizar pagamento corretamente e setar categoria como padrão quando dados do pagamento informado são válidos e valor é igual a 99.99",
              "fullTitle": "Testes da funcionalidade de Serviço de Pagamento TC02 - Deve realizar pagamento corretamente e setar categoria como padrão quando dados do pagamento informado são válidos e valor é igual a 99.99",
              "timedOut": false,
              "duration": 0,
              "state": "passed",
              "speed": "fast",
              "pass": true,
              "fail": false,
              "pending": false,
              "context": null,
              "code": "servicoDePagamento.pagar(codigoDeBarra, empresa, valorPagamento);\nconst ultimoPagamento = servicoDePagamento.consultarUltimoPagamento();\nassert.equal(ultimoPagamento.codigobarras, codigoDeBarra);\nassert.equal(ultimoPagamento.empresa, empresa);\nassert.equal(ultimoPagamento.valor, valorPagamento);\nassert.equal(ultimoPagamento.categoria, 'padrão');",
              "err": {},
              "uuid": "ffd27e59-c677-4e9b-991e-61228cb4ee75",
              "parentUUID": "7b8daea1-add3-4112-98bf-4d76aecd0bca",
              "isHook": false,
              "skipped": false
            },
            {
              "title": "TC02 - Deve realizar pagamento corretamente e setar categoria como padrão quando dados do pagamento informado são válidos e valor é igual a 0.01",
              "fullTitle": "Testes da funcionalidade de Serviço de Pagamento TC02 - Deve realizar pagamento corretamente e setar categoria como padrão quando dados do pagamento informado são válidos e valor é igual a 0.01",
              "timedOut": false,
              "duration": 0,
              "state": "passed",
              "speed": "fast",
              "pass": true,
              "fail": false,
              "pending": false,
              "context": null,
              "code": "servicoDePagamento.pagar(codigoDeBarra, empresa, valorPagamento);\nconst ultimoPagamento = servicoDePagamento.consultarUltimoPagamento();\nassert.equal(ultimoPagamento.codigobarras, codigoDeBarra);\nassert.equal(ultimoPagamento.empresa, empresa);\nassert.equal(ultimoPagamento.valor, valorPagamento);\nassert.equal(ultimoPagamento.categoria, 'padrão');",
              "err": {},
              "uuid": "00b77d25-2001-4c93-b8e5-5dc53040b8ce",
              "parentUUID": "7b8daea1-add3-4112-98bf-4d76aecd0bca",
              "isHook": false,
              "skipped": false
            },
            {
              "title": "TC03 - Deve realizar pagamento corretamente e setar categoria como caro quando dados do pagamento informado são válidos e valor é igual a 100.01",
              "fullTitle": "Testes da funcionalidade de Serviço de Pagamento TC03 - Deve realizar pagamento corretamente e setar categoria como caro quando dados do pagamento informado são válidos e valor é igual a 100.01",
              "timedOut": false,
              "duration": 0,
              "state": "passed",
              "speed": "fast",
              "pass": true,
              "fail": false,
              "pending": false,
              "context": null,
              "code": "const dadosPagamento = { codigoDeBarra: '0917-7654-3420', empresa: 'Copel', valorPagamento: 100.01 };\nservicoDePagamento.pagar(dadosPagamento.codigoDeBarra, dadosPagamento.empresa, dadosPagamento.valorPagamento);\nconst ultimoPagamento = servicoDePagamento.consultarUltimoPagamento();\nassert.equal(ultimoPagamento.codigobarras, dadosPagamento.codigoDeBarra);\nassert.equal(ultimoPagamento.empresa, dadosPagamento.empresa);\nassert.equal(ultimoPagamento.valor, dadosPagamento.valorPagamento);\nassert.equal(ultimoPagamento.categoria, 'cara');",
              "err": {},
              "uuid": "2599ea13-4f5c-4e04-9530-4b88a7ced37d",
              "parentUUID": "7b8daea1-add3-4112-98bf-4d76aecd0bca",
              "isHook": false,
              "skipped": false
            },
            {
              "title": "TC04 - Deve apresentar mensagem quando código de barras informado já estiver pago",
              "fullTitle": "Testes da funcionalidade de Serviço de Pagamento TC04 - Deve apresentar mensagem quando código de barras informado já estiver pago",
              "timedOut": false,
              "duration": 2,
              "state": "passed",
              "speed": "fast",
              "pass": true,
              "fail": false,
              "pending": false,
              "context": null,
              "code": "const dadosPagamento = { codigoDeBarra: '0917-7654-3333', empresa: 'Best buy', valorPagamento: 200.00 };\nservicoDePagamento.pagar(dadosPagamento.codigoDeBarra, dadosPagamento.empresa, dadosPagamento.valorPagamento);\nassert.throws(\n    function () { servicoDePagamento.pagar(dadosPagamento.codigoDeBarra, dadosPagamento.empresa, dadosPagamento.valorPagamento) },\n    { message: 'Já existe pagamento realizado para o Código de barras informado.' }\n);",
              "err": {},
              "uuid": "8e4d7fbf-6205-4031-828a-435ba46c14f3",
              "parentUUID": "7b8daea1-add3-4112-98bf-4d76aecd0bca",
              "isHook": false,
              "skipped": false
            },
            {
              "title": "TC05 - Deve apresentar mensagem de erro quando usuário tenta realizar pagamento sem informar dado obrigatório - Dado faltante Código de Barras",
              "fullTitle": "Testes da funcionalidade de Serviço de Pagamento TC05 - Deve apresentar mensagem de erro quando usuário tenta realizar pagamento sem informar dado obrigatório - Dado faltante Código de Barras",
              "timedOut": false,
              "duration": 0,
              "state": "passed",
              "speed": "fast",
              "pass": true,
              "fail": false,
              "pending": false,
              "context": null,
              "code": "assert.throws(\n    function () { servicoDePagamento.pagar(codigoDeBarra, empresa, valorPagamento) },\n    { message: 'Informar todos os dados necessários para pagamento.' }\n);",
              "err": {},
              "uuid": "5efccd91-21f0-4c74-a5a5-4cdb698a1f66",
              "parentUUID": "7b8daea1-add3-4112-98bf-4d76aecd0bca",
              "isHook": false,
              "skipped": false
            },
            {
              "title": "TC05 - Deve apresentar mensagem de erro quando usuário tenta realizar pagamento sem informar dado obrigatório - Dado faltante Empresa",
              "fullTitle": "Testes da funcionalidade de Serviço de Pagamento TC05 - Deve apresentar mensagem de erro quando usuário tenta realizar pagamento sem informar dado obrigatório - Dado faltante Empresa",
              "timedOut": false,
              "duration": 0,
              "state": "passed",
              "speed": "fast",
              "pass": true,
              "fail": false,
              "pending": false,
              "context": null,
              "code": "assert.throws(\n    function () { servicoDePagamento.pagar(codigoDeBarra, empresa, valorPagamento) },\n    { message: 'Informar todos os dados necessários para pagamento.' }\n);",
              "err": {},
              "uuid": "0df7bfed-550e-4a02-b488-85b612013fa3",
              "parentUUID": "7b8daea1-add3-4112-98bf-4d76aecd0bca",
              "isHook": false,
              "skipped": false
            },
            {
              "title": "TC05 - Deve apresentar mensagem de erro quando usuário tenta realizar pagamento sem informar dado obrigatório - Dado faltante Valor",
              "fullTitle": "Testes da funcionalidade de Serviço de Pagamento TC05 - Deve apresentar mensagem de erro quando usuário tenta realizar pagamento sem informar dado obrigatório - Dado faltante Valor",
              "timedOut": false,
              "duration": 0,
              "state": "passed",
              "speed": "fast",
              "pass": true,
              "fail": false,
              "pending": false,
              "context": null,
              "code": "assert.throws(\n    function () { servicoDePagamento.pagar(codigoDeBarra, empresa, valorPagamento) },\n    { message: 'Informar todos os dados necessários para pagamento.' }\n);",
              "err": {},
              "uuid": "51628aa0-86f2-4dab-ae04-61bbef98fa77",
              "parentUUID": "7b8daea1-add3-4112-98bf-4d76aecd0bca",
              "isHook": false,
              "skipped": false
            },
            {
              "title": "TC06 - Deve apresentar mensagem de erro quando usuário tenta realizar pagamento sem informar dado obrigatório - Dado inválido Código de Barras",
              "fullTitle": "Testes da funcionalidade de Serviço de Pagamento TC06 - Deve apresentar mensagem de erro quando usuário tenta realizar pagamento sem informar dado obrigatório - Dado inválido Código de Barras",
              "timedOut": false,
              "duration": 0,
              "state": "passed",
              "speed": "fast",
              "pass": true,
              "fail": false,
              "pending": false,
              "context": null,
              "code": "assert.throws(\n    function () { servicoDePagamento.pagar(codigoDeBarra, empresa, valorPagamento) },\n    { message: 'Dados informados estão inválidos.' }\n);",
              "err": {},
              "uuid": "74b4e622-7714-4f11-ae7c-23e751082045",
              "parentUUID": "7b8daea1-add3-4112-98bf-4d76aecd0bca",
              "isHook": false,
              "skipped": false
            },
            {
              "title": "TC06 - Deve apresentar mensagem de erro quando usuário tenta realizar pagamento sem informar dado obrigatório - Dado inválido Empresa",
              "fullTitle": "Testes da funcionalidade de Serviço de Pagamento TC06 - Deve apresentar mensagem de erro quando usuário tenta realizar pagamento sem informar dado obrigatório - Dado inválido Empresa",
              "timedOut": false,
              "duration": 0,
              "state": "passed",
              "speed": "fast",
              "pass": true,
              "fail": false,
              "pending": false,
              "context": null,
              "code": "assert.throws(\n    function () { servicoDePagamento.pagar(codigoDeBarra, empresa, valorPagamento) },\n    { message: 'Dados informados estão inválidos.' }\n);",
              "err": {},
              "uuid": "1c96e3ed-f4f9-43d8-b803-26e2195ff581",
              "parentUUID": "7b8daea1-add3-4112-98bf-4d76aecd0bca",
              "isHook": false,
              "skipped": false
            },
            {
              "title": "TC06 - Deve apresentar mensagem de erro quando usuário tenta realizar pagamento sem informar dado obrigatório - Dado inválido Valor",
              "fullTitle": "Testes da funcionalidade de Serviço de Pagamento TC06 - Deve apresentar mensagem de erro quando usuário tenta realizar pagamento sem informar dado obrigatório - Dado inválido Valor",
              "timedOut": false,
              "duration": 0,
              "state": "passed",
              "speed": "fast",
              "pass": true,
              "fail": false,
              "pending": false,
              "context": null,
              "code": "assert.throws(\n    function () { servicoDePagamento.pagar(codigoDeBarra, empresa, valorPagamento) },\n    { message: 'Dados informados estão inválidos.' }\n);",
              "err": {},
              "uuid": "010f4b31-ab96-4b4c-8e69-a1fc9b58950b",
              "parentUUID": "7b8daea1-add3-4112-98bf-4d76aecd0bca",
              "isHook": false,
              "skipped": false
            },
            {
              "title": "TC07 - Deve apresentar mensagem quando valor informado for igual a 0.00",
              "fullTitle": "Testes da funcionalidade de Serviço de Pagamento TC07 - Deve apresentar mensagem quando valor informado for igual a 0.00",
              "timedOut": false,
              "duration": 0,
              "state": "passed",
              "speed": "fast",
              "pass": true,
              "fail": false,
              "pending": false,
              "context": null,
              "code": "assert.throws(\n    function () { servicoDePagamento.pagar('5620-5687-3020', 'Sephora', 0.00) },\n    { message: 'Valor informado deve ser um número maior ou igual a zero.' }\n);",
              "err": {},
              "uuid": "3f486498-444c-4a56-9c67-9ac169379ad2",
              "parentUUID": "7b8daea1-add3-4112-98bf-4d76aecd0bca",
              "isHook": false,
              "skipped": false
            },
            {
              "title": "TC08 - Deve apresentar mensagem quando valor informado for negativo",
              "fullTitle": "Testes da funcionalidade de Serviço de Pagamento TC08 - Deve apresentar mensagem quando valor informado for negativo",
              "timedOut": false,
              "duration": 1,
              "state": "passed",
              "speed": "fast",
              "pass": true,
              "fail": false,
              "pending": false,
              "context": null,
              "code": "assert.throws(\n    function () { servicoDePagamento.pagar('1122-3344-5566', 'Walmart', -120.32) },\n    { message: 'Valor informado deve ser um número maior ou igual a zero.' }\n);",
              "err": {},
              "uuid": "ca71826b-8eac-4c89-8abf-19d5b78c728a",
              "parentUUID": "7b8daea1-add3-4112-98bf-4d76aecd0bca",
              "isHook": false,
              "skipped": false
            }
          ],
          "suites": [],
          "passes": [
            "c2f202e8-799c-4a0f-b0b8-4c3fc75dc4e1",
            "65d0b273-0aed-4ccd-b7de-ec5f2d0527ec",
            "ffd27e59-c677-4e9b-991e-61228cb4ee75",
            "00b77d25-2001-4c93-b8e5-5dc53040b8ce",
            "2599ea13-4f5c-4e04-9530-4b88a7ced37d",
            "8e4d7fbf-6205-4031-828a-435ba46c14f3",
            "5efccd91-21f0-4c74-a5a5-4cdb698a1f66",
            "0df7bfed-550e-4a02-b488-85b612013fa3",
            "51628aa0-86f2-4dab-ae04-61bbef98fa77",
            "74b4e622-7714-4f11-ae7c-23e751082045",
            "1c96e3ed-f4f9-43d8-b803-26e2195ff581",
            "010f4b31-ab96-4b4c-8e69-a1fc9b58950b",
            "3f486498-444c-4a56-9c67-9ac169379ad2",
            "ca71826b-8eac-4c89-8abf-19d5b78c728a"
          ],
          "failures": [],
          "pending": [],
          "skipped": [],
          "duration": 3,
          "root": false,
          "rootEmpty": false,
          "_timeout": 2000
        }
      ],
      "passes": [],
      "failures": [],
      "pending": [],
      "skipped": [],
      "duration": 0,
      "root": true,
      "rootEmpty": true,
      "_timeout": 2000
    }
  ],
  "meta": {
    "mocha": {
      "version": "11.7.5"
    },
    "mochawesome": {
      "options": {
        "quiet": false,
        "reportFilename": "mochawesome",
        "saveHtml": true,
        "saveJson": true,
        "consoleReporter": "spec",
        "useInlineDiffs": false,
        "code": true
      },
      "version": "7.1.4"
    },
    "marge": {
      "options": null,
      "version": "6.3.2"
    }
  }
}